{
  "RSpec": {
    "coverage": {
      "/home/pradip/ruby/project/blog1/spec/controllers/articles_controller_spec.rb": [
        1,
        null,
        1,
        1,
        1,
        1,
        1,
        1,
        null,
        null,
        null,
        1,
        1,
        1,
        1,
        1,
        1,
        null,
        null,
        1,
        1,
        1,
        1,
        1,
        null,
        null,
        null,
        1,
        1,
        1,
        null,
        null,
        1,
        1,
        1,
        1,
        null,
        null,
        null,
        1,
        1,
        1,
        1,
        1,
        null,
        null,
        null,
        1,
        1,
        1,
        null,
        null,
        1,
        1,
        1,
        1,
        null,
        null,
        null,
        1,
        1,
        2,
        null,
        null,
        1,
        1,
        1,
        1,
        1,
        null,
        null,
        1,
        1,
        1,
        1,
        1,
        null,
        null,
        null,
        1,
        1,
        1,
        null,
        null,
        1,
        1,
        1,
        1,
        1,
        null,
        null,
        null
      ],
      "/home/pradip/ruby/project/blog1/spec/rails_helper.rb": [
        1,
        1,
        1,
        1,
        1,
        null,
        1,
        null,
        1,
        1,
        1,
        1,
        null,
        null,
        null,
        null,
        1,
        null,
        0,
        0,
        null,
        1,
        1,
        null,
        1,
        null,
        1,
        null,
        1,
        null
      ],
      "/home/pradip/ruby/project/blog1/config/environment.rb": [
        null,
        1,
        null,
        null,
        1
      ],
      "/home/pradip/ruby/project/blog1/config/application.rb": [
        1,
        null,
        1,
        null,
        1,
        1,
        1,
        1,
        1,
        1,
        1,
        1,
        1,
        null,
        null,
        null,
        null,
        1,
        null,
        1,
        1,
        null,
        1,
        null,
        null,
        null,
        null,
        null,
        null,
        null,
        1,
        null,
        null
      ],
      "/home/pradip/ruby/project/blog1/config/boot.rb": [
        1,
        null,
        1,
        1
      ],
      "/home/pradip/ruby/project/blog1/config/environments/test.rb": [
        1,
        null,
        null,
        null,
        null,
        null,
        null,
        1,
        null,
        null,
        null,
        null,
        1,
        null,
        null,
        1,
        1,
        null,
        null,
        null,
        null,
        1,
        1,
        null,
        null,
        1,
        null,
        null,
        1,
        null,
        null,
        1,
        null,
        1,
        null,
        null,
        null,
        null,
        1,
        null,
        null,
        1,
        null,
        null,
        null,
        null
      ],
      "/home/pradip/ruby/project/blog1/config/initializers/application_controller_renderer.rb": [
        null,
        null,
        null,
        null,
        null,
        null,
        null,
        null
      ],
      "/home/pradip/ruby/project/blog1/config/initializers/assets.rb": [
        null,
        null,
        null,
        1,
        null,
        null,
        null,
        null,
        1,
        null,
        null,
        null,
        null,
        null
      ],
      "/home/pradip/ruby/project/blog1/config/initializers/backtrace_silencers.rb": [
        null,
        null,
        null,
        null,
        null,
        null,
        null
      ],
      "/home/pradip/ruby/project/blog1/config/initializers/content_security_policy.rb": [
        null,
        null,
        null,
        null,
        null,
        null,
        null,
        null,
        null,
        null,
        null,
        null,
        null,
        null,
        null,
        null,
        null,
        null,
        null,
        null,
        null,
        null,
        null,
        null,
        null
      ],
      "/home/pradip/ruby/project/blog1/config/initializers/cookies_serializer.rb": [
        null,
        null,
        null,
        null,
        1
      ],
      "/home/pradip/ruby/project/blog1/config/initializers/filter_parameter_logging.rb": [
        null,
        null,
        null,
        1
      ],
      "/home/pradip/ruby/project/blog1/config/initializers/inflections.rb": [
        null,
        null,
        null,
        null,
        null,
        null,
        null,
        null,
        null,
        null,
        null,
        null,
        null,
        null,
        null,
        null
      ],
      "/home/pradip/ruby/project/blog1/config/initializers/mime_types.rb": [
        null,
        null,
        null,
        null
      ],
      "/home/pradip/ruby/project/blog1/config/initializers/wrap_parameters.rb": [
        null,
        null,
        null,
        null,
        null,
        null,
        1,
        2,
        null,
        null,
        null,
        null,
        null,
        null
      ],
      "/home/pradip/ruby/project/blog1/spec/factories/articles.rb": [
        1,
        1,
        4,
        4,
        null,
        null
      ],
      "/home/pradip/ruby/project/blog1/spec/factories/comments.rb": [
        1,
        1,
        1,
        2,
        2,
        null,
        null
      ],
      "/home/pradip/ruby/project/blog1/config/routes.rb": [
        1,
        1,
        null,
        1,
        1,
        null,
        null,
        1,
        null
      ],
      "/home/pradip/ruby/project/blog1/app/helpers/application_helper.rb": [
        1,
        null
      ],
      "/home/pradip/ruby/project/blog1/app/helpers/articles_helper.rb": [
        1,
        null
      ],
      "/home/pradip/ruby/project/blog1/app/helpers/comments_helper.rb": [
        1,
        null
      ],
      "/home/pradip/ruby/project/blog1/app/helpers/welcome_helper.rb": [
        1,
        null
      ],
      "/home/pradip/ruby/project/blog1/app/controllers/articles_controller.rb": [
        1,
        1,
        null,
        1,
        1,
        null,
        null,
        1,
        2,
        null,
        2,
        1,
        1,
        null,
        1,
        null,
        null,
        null,
        1,
        1,
        null,
        null,
        1,
        1,
        null,
        null,
        1,
        1,
        null,
        null,
        1,
        2,
        null,
        2,
        1,
        null,
        1,
        null,
        null,
        null,
        1,
        1,
        1,
        null,
        1,
        null,
        null,
        1,
        1,
        4,
        null,
        null
      ],
      "/home/pradip/ruby/project/blog1/app/controllers/application_controller.rb": [
        1,
        null
      ],
      "/home/pradip/ruby/project/blog1/spec/controllers/comments_controller_spec.rb": [
        1,
        null,
        1,
        null,
        1,
        2,
        1,
        1,
        1,
        1,
        1,
        null,
        null,
        null,
        1,
        2,
        2,
        1,
        1,
        1,
        1,
        1,
        null,
        null,
        null
      ],
      "/home/pradip/ruby/project/blog1/app/controllers/comments_controller.rb": [
        1,
        1,
        null,
        1,
        1,
        1,
        1,
        null,
        null,
        1,
        1,
        1,
        1,
        1,
        null,
        null,
        1,
        1,
        1,
        null,
        null
      ],
      "/home/pradip/ruby/project/blog1/spec/controllers/welcome_controller_spec.rb": [
        1,
        null,
        1,
        null,
        1,
        1,
        1,
        1,
        null,
        null,
        null,
        null
      ],
      "/home/pradip/ruby/project/blog1/app/controllers/welcome_controller.rb": [
        1,
        1,
        null,
        null
      ],
      "/home/pradip/ruby/project/blog1/spec/helpers/articles_helper_spec.rb": [
        1,
        null,
        null,
        null,
        null,
        null,
        null,
        null,
        null,
        null,
        null,
        null,
        1,
        null
      ],
      "/home/pradip/ruby/project/blog1/spec/helpers/comments_helper_spec.rb": [
        1,
        null,
        null,
        null,
        null,
        null,
        null,
        null,
        null,
        null,
        null,
        null,
        1,
        null
      ],
      "/home/pradip/ruby/project/blog1/spec/helpers/welcome_helper_spec.rb": [
        1,
        null,
        null,
        null,
        null,
        null,
        null,
        null,
        null,
        null,
        null,
        null,
        1,
        null
      ],
      "/home/pradip/ruby/project/blog1/spec/models/article_spec.rb": [
        1,
        null,
        1,
        2,
        1,
        1,
        null,
        null
      ],
      "/home/pradip/ruby/project/blog1/spec/models/comment_spec.rb": [
        1,
        null,
        1,
        null
      ],
      "/home/pradip/ruby/project/blog1/app/models/comment.rb": [
        1,
        1,
        null
      ],
      "/home/pradip/ruby/project/blog1/app/models/application_record.rb": [
        1,
        1,
        null
      ],
      "/home/pradip/ruby/project/blog1/spec/views/welcome/index.html.erb_spec.rb": [
        1,
        null,
        1,
        null
      ],
      "/home/pradip/ruby/project/blog1/app/models/article.rb": [
        1,
        1,
        1,
        null,
        null
      ]
    },
    "timestamp": 1560943166
  }
}
